<?xml version="1.0" encoding="UTF-8"?>
<testsuite xmlns:xsi="http://www.w3.org/2001/XMLSchema-instance" xsi:noNamespaceSchemaLocation="https://maven.apache.org/surefire/maven-surefire-plugin/xsd/surefire-test-report.xsd" name="com.SampleProject.Imapnio.ImapnioApplicationTests" time="0.65" tests="1" errors="0" skipped="0" failures="0">
  <properties>
    <property name="java.specification.version" value="17"/>
    <property name="sun.jnu.encoding" value="UTF-8"/>
    <property name="java.class.path" value="/Users/dpatel06/IdeaProjects/Imapnio/target/test-classes:/Users/dpatel06/IdeaProjects/Imapnio/target/classes:/Users/dpatel06/.m2/repository/org/springframework/boot/spring-boot-starter/3.0.10-SNAPSHOT/spring-boot-starter-3.0.10-SNAPSHOT.jar:/Users/dpatel06/.m2/repository/org/springframework/boot/spring-boot/3.0.10-SNAPSHOT/spring-boot-3.0.10-SNAPSHOT.jar:/Users/dpatel06/.m2/repository/org/springframework/spring-context/6.0.11/spring-context-6.0.11.jar:/Users/dpatel06/.m2/repository/org/springframework/spring-aop/6.0.11/spring-aop-6.0.11.jar:/Users/dpatel06/.m2/repository/org/springframework/spring-beans/6.0.11/spring-beans-6.0.11.jar:/Users/dpatel06/.m2/repository/org/springframework/spring-expression/6.0.11/spring-expression-6.0.11.jar:/Users/dpatel06/.m2/repository/org/springframework/boot/spring-boot-autoconfigure/3.0.10-SNAPSHOT/spring-boot-autoconfigure-3.0.10-SNAPSHOT.jar:/Users/dpatel06/.m2/repository/org/springframework/boot/spring-boot-starter-logging/3.0.10-SNAPSHOT/spring-boot-starter-logging-3.0.10-SNAPSHOT.jar:/Users/dpatel06/.m2/repository/ch/qos/logback/logback-classic/1.4.11/logback-classic-1.4.11.jar:/Users/dpatel06/.m2/repository/ch/qos/logback/logback-core/1.4.11/logback-core-1.4.11.jar:/Users/dpatel06/.m2/repository/org/apache/logging/log4j/log4j-to-slf4j/2.19.0/log4j-to-slf4j-2.19.0.jar:/Users/dpatel06/.m2/repository/org/apache/logging/log4j/log4j-api/2.19.0/log4j-api-2.19.0.jar:/Users/dpatel06/.m2/repository/org/slf4j/jul-to-slf4j/2.0.7/jul-to-slf4j-2.0.7.jar:/Users/dpatel06/.m2/repository/jakarta/annotation/jakarta.annotation-api/2.1.1/jakarta.annotation-api-2.1.1.jar:/Users/dpatel06/.m2/repository/org/springframework/spring-core/6.0.11/spring-core-6.0.11.jar:/Users/dpatel06/.m2/repository/org/springframework/spring-jcl/6.0.11/spring-jcl-6.0.11.jar:/Users/dpatel06/.m2/repository/org/yaml/snakeyaml/1.33/snakeyaml-1.33.jar:/Users/dpatel06/.m2/repository/org/springframework/boot/spring-boot-starter-test/3.0.10-SNAPSHOT/spring-boot-starter-test-3.0.10-SNAPSHOT.jar:/Users/dpatel06/.m2/repository/org/springframework/boot/spring-boot-test/3.0.10-SNAPSHOT/spring-boot-test-3.0.10-SNAPSHOT.jar:/Users/dpatel06/.m2/repository/org/springframework/boot/spring-boot-test-autoconfigure/3.0.10-SNAPSHOT/spring-boot-test-autoconfigure-3.0.10-SNAPSHOT.jar:/Users/dpatel06/.m2/repository/com/jayway/jsonpath/json-path/2.7.0/json-path-2.7.0.jar:/Users/dpatel06/.m2/repository/net/minidev/json-smart/2.4.11/json-smart-2.4.11.jar:/Users/dpatel06/.m2/repository/net/minidev/accessors-smart/2.4.11/accessors-smart-2.4.11.jar:/Users/dpatel06/.m2/repository/org/ow2/asm/asm/9.3/asm-9.3.jar:/Users/dpatel06/.m2/repository/jakarta/xml/bind/jakarta.xml.bind-api/4.0.0/jakarta.xml.bind-api-4.0.0.jar:/Users/dpatel06/.m2/repository/jakarta/activation/jakarta.activation-api/2.1.2/jakarta.activation-api-2.1.2.jar:/Users/dpatel06/.m2/repository/org/assertj/assertj-core/3.23.1/assertj-core-3.23.1.jar:/Users/dpatel06/.m2/repository/net/bytebuddy/byte-buddy/1.12.23/byte-buddy-1.12.23.jar:/Users/dpatel06/.m2/repository/org/hamcrest/hamcrest/2.2/hamcrest-2.2.jar:/Users/dpatel06/.m2/repository/org/junit/jupiter/junit-jupiter/5.9.3/junit-jupiter-5.9.3.jar:/Users/dpatel06/.m2/repository/org/junit/jupiter/junit-jupiter-api/5.9.3/junit-jupiter-api-5.9.3.jar:/Users/dpatel06/.m2/repository/org/opentest4j/opentest4j/1.2.0/opentest4j-1.2.0.jar:/Users/dpatel06/.m2/repository/org/junit/platform/junit-platform-commons/1.9.3/junit-platform-commons-1.9.3.jar:/Users/dpatel06/.m2/repository/org/apiguardian/apiguardian-api/1.1.2/apiguardian-api-1.1.2.jar:/Users/dpatel06/.m2/repository/org/junit/jupiter/junit-jupiter-params/5.9.3/junit-jupiter-params-5.9.3.jar:/Users/dpatel06/.m2/repository/org/junit/jupiter/junit-jupiter-engine/5.9.3/junit-jupiter-engine-5.9.3.jar:/Users/dpatel06/.m2/repository/org/junit/platform/junit-platform-engine/1.9.3/junit-platform-engine-1.9.3.jar:/Users/dpatel06/.m2/repository/org/mockito/mockito-core/4.8.1/mockito-core-4.8.1.jar:/Users/dpatel06/.m2/repository/net/bytebuddy/byte-buddy-agent/1.12.23/byte-buddy-agent-1.12.23.jar:/Users/dpatel06/.m2/repository/org/objenesis/objenesis/3.2/objenesis-3.2.jar:/Users/dpatel06/.m2/repository/org/mockito/mockito-junit-jupiter/4.8.1/mockito-junit-jupiter-4.8.1.jar:/Users/dpatel06/.m2/repository/org/skyscreamer/jsonassert/1.5.1/jsonassert-1.5.1.jar:/Users/dpatel06/.m2/repository/com/vaadin/external/google/android-json/0.0.20131108.vaadin1/android-json-0.0.20131108.vaadin1.jar:/Users/dpatel06/.m2/repository/org/springframework/spring-test/6.0.11/spring-test-6.0.11.jar:/Users/dpatel06/.m2/repository/org/xmlunit/xmlunit-core/2.9.1/xmlunit-core-2.9.1.jar:/Users/dpatel06/.m2/repository/com/yahoo/imapnio/imapnio.core/5.0.14/imapnio.core-5.0.14.jar:/Users/dpatel06/.m2/repository/com/google/code/findbugs/jsr305/3.0.2/jsr305-3.0.2.jar:/Users/dpatel06/.m2/repository/io/netty/netty-handler/4.1.96.Final/netty-handler-4.1.96.Final.jar:/Users/dpatel06/.m2/repository/io/netty/netty-common/4.1.96.Final/netty-common-4.1.96.Final.jar:/Users/dpatel06/.m2/repository/io/netty/netty-resolver/4.1.96.Final/netty-resolver-4.1.96.Final.jar:/Users/dpatel06/.m2/repository/io/netty/netty-buffer/4.1.96.Final/netty-buffer-4.1.96.Final.jar:/Users/dpatel06/.m2/repository/io/netty/netty-transport/4.1.96.Final/netty-transport-4.1.96.Final.jar:/Users/dpatel06/.m2/repository/io/netty/netty-transport-native-unix-common/4.1.96.Final/netty-transport-native-unix-common-4.1.96.Final.jar:/Users/dpatel06/.m2/repository/io/netty/netty-codec/4.1.96.Final/netty-codec-4.1.96.Final.jar:/Users/dpatel06/.m2/repository/com/sun/mail/javax.mail/1.5.5/javax.mail-1.5.5.jar:/Users/dpatel06/.m2/repository/javax/activation/activation/1.1/activation-1.1.jar:/Users/dpatel06/.m2/repository/org/slf4j/slf4j-api/2.0.7/slf4j-api-2.0.7.jar:/Users/dpatel06/.m2/repository/commons-codec/commons-codec/1.15/commons-codec-1.15.jar:"/>
    <property name="java.vm.vendor" value="Eclipse Adoptium"/>
    <property name="sun.arch.data.model" value="64"/>
    <property name="java.vendor.url" value="https://adoptium.net/"/>
    <property name="os.name" value="Mac OS X"/>
    <property name="java.vm.specification.version" value="17"/>
    <property name="sun.java.launcher" value="SUN_STANDARD"/>
    <property name="user.country" value="IN"/>
    <property name="sun.boot.library.path" value="/Users/dpatel06/Library/Java/JavaVirtualMachines/temurin-17.0.6/Contents/Home/lib"/>
    <property name="sun.java.command" value="/Users/dpatel06/IdeaProjects/Imapnio/target/surefire/surefirebooter6877982408361820434.jar /Users/dpatel06/IdeaProjects/Imapnio/target/surefire 2023-08-22T16-22-16_476-jvmRun1 surefire3361306970434322208tmp surefire_010784666362375886994tmp"/>
    <property name="jdk.debug" value="release"/>
    <property name="surefire.test.class.path" value="/Users/dpatel06/IdeaProjects/Imapnio/target/test-classes:/Users/dpatel06/IdeaProjects/Imapnio/target/classes:/Users/dpatel06/.m2/repository/org/springframework/boot/spring-boot-starter/3.0.10-SNAPSHOT/spring-boot-starter-3.0.10-SNAPSHOT.jar:/Users/dpatel06/.m2/repository/org/springframework/boot/spring-boot/3.0.10-SNAPSHOT/spring-boot-3.0.10-SNAPSHOT.jar:/Users/dpatel06/.m2/repository/org/springframework/spring-context/6.0.11/spring-context-6.0.11.jar:/Users/dpatel06/.m2/repository/org/springframework/spring-aop/6.0.11/spring-aop-6.0.11.jar:/Users/dpatel06/.m2/repository/org/springframework/spring-beans/6.0.11/spring-beans-6.0.11.jar:/Users/dpatel06/.m2/repository/org/springframework/spring-expression/6.0.11/spring-expression-6.0.11.jar:/Users/dpatel06/.m2/repository/org/springframework/boot/spring-boot-autoconfigure/3.0.10-SNAPSHOT/spring-boot-autoconfigure-3.0.10-SNAPSHOT.jar:/Users/dpatel06/.m2/repository/org/springframework/boot/spring-boot-starter-logging/3.0.10-SNAPSHOT/spring-boot-starter-logging-3.0.10-SNAPSHOT.jar:/Users/dpatel06/.m2/repository/ch/qos/logback/logback-classic/1.4.11/logback-classic-1.4.11.jar:/Users/dpatel06/.m2/repository/ch/qos/logback/logback-core/1.4.11/logback-core-1.4.11.jar:/Users/dpatel06/.m2/repository/org/apache/logging/log4j/log4j-to-slf4j/2.19.0/log4j-to-slf4j-2.19.0.jar:/Users/dpatel06/.m2/repository/org/apache/logging/log4j/log4j-api/2.19.0/log4j-api-2.19.0.jar:/Users/dpatel06/.m2/repository/org/slf4j/jul-to-slf4j/2.0.7/jul-to-slf4j-2.0.7.jar:/Users/dpatel06/.m2/repository/jakarta/annotation/jakarta.annotation-api/2.1.1/jakarta.annotation-api-2.1.1.jar:/Users/dpatel06/.m2/repository/org/springframework/spring-core/6.0.11/spring-core-6.0.11.jar:/Users/dpatel06/.m2/repository/org/springframework/spring-jcl/6.0.11/spring-jcl-6.0.11.jar:/Users/dpatel06/.m2/repository/org/yaml/snakeyaml/1.33/snakeyaml-1.33.jar:/Users/dpatel06/.m2/repository/org/springframework/boot/spring-boot-starter-test/3.0.10-SNAPSHOT/spring-boot-starter-test-3.0.10-SNAPSHOT.jar:/Users/dpatel06/.m2/repository/org/springframework/boot/spring-boot-test/3.0.10-SNAPSHOT/spring-boot-test-3.0.10-SNAPSHOT.jar:/Users/dpatel06/.m2/repository/org/springframework/boot/spring-boot-test-autoconfigure/3.0.10-SNAPSHOT/spring-boot-test-autoconfigure-3.0.10-SNAPSHOT.jar:/Users/dpatel06/.m2/repository/com/jayway/jsonpath/json-path/2.7.0/json-path-2.7.0.jar:/Users/dpatel06/.m2/repository/net/minidev/json-smart/2.4.11/json-smart-2.4.11.jar:/Users/dpatel06/.m2/repository/net/minidev/accessors-smart/2.4.11/accessors-smart-2.4.11.jar:/Users/dpatel06/.m2/repository/org/ow2/asm/asm/9.3/asm-9.3.jar:/Users/dpatel06/.m2/repository/jakarta/xml/bind/jakarta.xml.bind-api/4.0.0/jakarta.xml.bind-api-4.0.0.jar:/Users/dpatel06/.m2/repository/jakarta/activation/jakarta.activation-api/2.1.2/jakarta.activation-api-2.1.2.jar:/Users/dpatel06/.m2/repository/org/assertj/assertj-core/3.23.1/assertj-core-3.23.1.jar:/Users/dpatel06/.m2/repository/net/bytebuddy/byte-buddy/1.12.23/byte-buddy-1.12.23.jar:/Users/dpatel06/.m2/repository/org/hamcrest/hamcrest/2.2/hamcrest-2.2.jar:/Users/dpatel06/.m2/repository/org/junit/jupiter/junit-jupiter/5.9.3/junit-jupiter-5.9.3.jar:/Users/dpatel06/.m2/repository/org/junit/jupiter/junit-jupiter-api/5.9.3/junit-jupiter-api-5.9.3.jar:/Users/dpatel06/.m2/repository/org/opentest4j/opentest4j/1.2.0/opentest4j-1.2.0.jar:/Users/dpatel06/.m2/repository/org/junit/platform/junit-platform-commons/1.9.3/junit-platform-commons-1.9.3.jar:/Users/dpatel06/.m2/repository/org/apiguardian/apiguardian-api/1.1.2/apiguardian-api-1.1.2.jar:/Users/dpatel06/.m2/repository/org/junit/jupiter/junit-jupiter-params/5.9.3/junit-jupiter-params-5.9.3.jar:/Users/dpatel06/.m2/repository/org/junit/jupiter/junit-jupiter-engine/5.9.3/junit-jupiter-engine-5.9.3.jar:/Users/dpatel06/.m2/repository/org/junit/platform/junit-platform-engine/1.9.3/junit-platform-engine-1.9.3.jar:/Users/dpatel06/.m2/repository/org/mockito/mockito-core/4.8.1/mockito-core-4.8.1.jar:/Users/dpatel06/.m2/repository/net/bytebuddy/byte-buddy-agent/1.12.23/byte-buddy-agent-1.12.23.jar:/Users/dpatel06/.m2/repository/org/objenesis/objenesis/3.2/objenesis-3.2.jar:/Users/dpatel06/.m2/repository/org/mockito/mockito-junit-jupiter/4.8.1/mockito-junit-jupiter-4.8.1.jar:/Users/dpatel06/.m2/repository/org/skyscreamer/jsonassert/1.5.1/jsonassert-1.5.1.jar:/Users/dpatel06/.m2/repository/com/vaadin/external/google/android-json/0.0.20131108.vaadin1/android-json-0.0.20131108.vaadin1.jar:/Users/dpatel06/.m2/repository/org/springframework/spring-test/6.0.11/spring-test-6.0.11.jar:/Users/dpatel06/.m2/repository/org/xmlunit/xmlunit-core/2.9.1/xmlunit-core-2.9.1.jar:/Users/dpatel06/.m2/repository/com/yahoo/imapnio/imapnio.core/5.0.14/imapnio.core-5.0.14.jar:/Users/dpatel06/.m2/repository/com/google/code/findbugs/jsr305/3.0.2/jsr305-3.0.2.jar:/Users/dpatel06/.m2/repository/io/netty/netty-handler/4.1.96.Final/netty-handler-4.1.96.Final.jar:/Users/dpatel06/.m2/repository/io/netty/netty-common/4.1.96.Final/netty-common-4.1.96.Final.jar:/Users/dpatel06/.m2/repository/io/netty/netty-resolver/4.1.96.Final/netty-resolver-4.1.96.Final.jar:/Users/dpatel06/.m2/repository/io/netty/netty-buffer/4.1.96.Final/netty-buffer-4.1.96.Final.jar:/Users/dpatel06/.m2/repository/io/netty/netty-transport/4.1.96.Final/netty-transport-4.1.96.Final.jar:/Users/dpatel06/.m2/repository/io/netty/netty-transport-native-unix-common/4.1.96.Final/netty-transport-native-unix-common-4.1.96.Final.jar:/Users/dpatel06/.m2/repository/io/netty/netty-codec/4.1.96.Final/netty-codec-4.1.96.Final.jar:/Users/dpatel06/.m2/repository/com/sun/mail/javax.mail/1.5.5/javax.mail-1.5.5.jar:/Users/dpatel06/.m2/repository/javax/activation/activation/1.1/activation-1.1.jar:/Users/dpatel06/.m2/repository/org/slf4j/slf4j-api/2.0.7/slf4j-api-2.0.7.jar:/Users/dpatel06/.m2/repository/commons-codec/commons-codec/1.15/commons-codec-1.15.jar:"/>
    <property name="sun.cpu.endian" value="little"/>
    <property name="user.home" value="/Users/dpatel06"/>
    <property name="user.language" value="en"/>
    <property name="java.specification.vendor" value="Oracle Corporation"/>
    <property name="java.version.date" value="2023-01-17"/>
    <property name="java.home" value="/Users/dpatel06/Library/Java/JavaVirtualMachines/temurin-17.0.6/Contents/Home"/>
    <property name="file.separator" value="/"/>
    <property name="basedir" value="/Users/dpatel06/IdeaProjects/Imapnio"/>
    <property name="java.vm.compressedOopsMode" value="Zero based"/>
    <property name="line.separator" value="&#10;"/>
    <property name="java.vm.specification.vendor" value="Oracle Corporation"/>
    <property name="java.specification.name" value="Java Platform API Specification"/>
    <property name="surefire.real.class.path" value="/Users/dpatel06/IdeaProjects/Imapnio/target/surefire/surefirebooter6877982408361820434.jar"/>
    <property name="sun.management.compiler" value="HotSpot 64-Bit Tiered Compilers"/>
    <property name="java.runtime.version" value="17.0.6+10"/>
    <property name="user.name" value="dpatel06"/>
    <property name="path.separator" value=":"/>
    <property name="os.version" value="13.5"/>
    <property name="java.runtime.name" value="OpenJDK Runtime Environment"/>
    <property name="file.encoding" value="US-ASCII"/>
    <property name="java.vm.name" value="OpenJDK 64-Bit Server VM"/>
    <property name="java.vendor.version" value="Temurin-17.0.6+10"/>
    <property name="localRepository" value="/Users/dpatel06/.m2/repository"/>
    <property name="java.vendor.url.bug" value="https://github.com/adoptium/adoptium-support/issues"/>
    <property name="java.io.tmpdir" value="/var/folders/3d/4_sy5g9j4zd1g1kplsx7b5800000gp/T/"/>
    <property name="java.version" value="17.0.6"/>
    <property name="user.dir" value="/Users/dpatel06/IdeaProjects/Imapnio"/>
    <property name="os.arch" value="aarch64"/>
    <property name="java.vm.specification.name" value="Java Virtual Machine Specification"/>
    <property name="native.encoding" value="US-ASCII"/>
    <property name="java.library.path" value="/Users/dpatel06/Library/Java/Extensions:/Library/Java/Extensions:/Network/Library/Java/Extensions:/System/Library/Java/Extensions:/usr/lib/java:."/>
    <property name="java.vm.info" value="mixed mode"/>
    <property name="java.vendor" value="Eclipse Adoptium"/>
    <property name="java.vm.version" value="17.0.6+10"/>
    <property name="sun.io.unicode.encoding" value="UnicodeBig"/>
    <property name="java.class.version" value="61.0"/>
  </properties>
  <testcase name="contextLoads" classname="com.SampleProject.Imapnio.ImapnioApplicationTests" time="0.169"/>
</testsuite>